<?xml version="1.0" encoding="UTF-8"?>
<testng-results ignored="0" total="3" passed="3" failed="0" skipped="0">
  <reporter-output>
  </reporter-output>
  <suite started-at="2020-03-09T00:52:53 PST" name="Test-Suite-1" finished-at="2020-03-09T00:54:08 PST" duration-ms="75149">
    <groups>
    </groups>
    <test started-at="2020-03-09T00:52:53 PST" name="Test-Case-1" finished-at="2020-03-09T00:53:18 PST" duration-ms="25013">
      <class name="testsuites.TC1_SendMessageToCustomerService">
        <test-method is-config="true" signature="initializeTestBaseSetup(java.lang.String, java.lang.String)[pri:0, instance:testsuites.TC1_SendMessageToCustomerService@6e20b53a]" started-at="2020-03-09T00:52:53 PST" name="initializeTestBaseSetup" finished-at="2020-03-09T00:53:10 PST" duration-ms="16993" status="PASS">
          <params>
            <param index="0">
              <value>
                <![CDATA[firefox]]>
              </value>
            </param>
            <param index="1">
              <value>
                <![CDATA[http://automationpractice.com/index.php]]>
              </value>
            </param>
          </params>
          <reporter-output>
          </reporter-output>
        </test-method> <!-- initializeTestBaseSetup -->
        <test-method is-config="true" signature="setUp(org.testng.ITestContext)[pri:0, instance:testsuites.TC1_SendMessageToCustomerService@6e20b53a]" started-at="2020-03-09T00:53:10 PST" name="setUp" finished-at="2020-03-09T00:53:10 PST" duration-ms="2" status="PASS">
          <params>
            <param index="0">
              <value>
                <![CDATA[org.testng.TestRunner@7a04fea7]]>
              </value>
            </param>
          </params>
          <reporter-output>
          </reporter-output>
        </test-method> <!-- setUp -->
        <test-method signature="sendMessageToCustomerService()[pri:0, instance:testsuites.TC1_SendMessageToCustomerService@6e20b53a]" started-at="2020-03-09T00:53:10 PST" name="sendMessageToCustomerService" finished-at="2020-03-09T00:53:14 PST" duration-ms="4058" status="PASS">
          <reporter-output>
          </reporter-output>
        </test-method> <!-- sendMessageToCustomerService -->
        <test-method is-config="true" signature="tearDown()[pri:0, instance:testsuites.TC1_SendMessageToCustomerService@6e20b53a]" started-at="2020-03-09T00:53:14 PST" name="tearDown" finished-at="2020-03-09T00:53:18 PST" duration-ms="3921" status="PASS">
          <reporter-output>
          </reporter-output>
        </test-method> <!-- tearDown -->
      </class> <!-- testsuites.TC1_SendMessageToCustomerService -->
    </test> <!-- Test-Case-1 -->
    <test started-at="2020-03-09T00:53:18 PST" name="Test-Case-2" finished-at="2020-03-09T00:53:40 PST" duration-ms="21698">
      <class name="testsuites.TC2_CreateAnAccountUsingAnExistingEmail">
        <test-method is-config="true" signature="initializeTestBaseSetup(java.lang.String, java.lang.String)[pri:0, instance:testsuites.TC2_CreateAnAccountUsingAnExistingEmail@6ae5aa72]" started-at="2020-03-09T00:53:18 PST" name="initializeTestBaseSetup" finished-at="2020-03-09T00:53:32 PST" duration-ms="13585" status="PASS">
          <params>
            <param index="0">
              <value>
                <![CDATA[firefox]]>
              </value>
            </param>
            <param index="1">
              <value>
                <![CDATA[http://automationpractice.com/index.php]]>
              </value>
            </param>
          </params>
          <reporter-output>
          </reporter-output>
        </test-method> <!-- initializeTestBaseSetup -->
        <test-method is-config="true" signature="setUp(org.testng.ITestContext)[pri:0, instance:testsuites.TC2_CreateAnAccountUsingAnExistingEmail@6ae5aa72]" started-at="2020-03-09T00:53:32 PST" name="setUp" finished-at="2020-03-09T00:53:32 PST" duration-ms="1" status="PASS">
          <params>
            <param index="0">
              <value>
                <![CDATA[org.testng.TestRunner@1bc49bc5]]>
              </value>
            </param>
          </params>
          <reporter-output>
          </reporter-output>
        </test-method> <!-- setUp -->
        <test-method signature="createAnAccountUsingAnExistingEmail()[pri:0, instance:testsuites.TC2_CreateAnAccountUsingAnExistingEmail@6ae5aa72]" started-at="2020-03-09T00:53:32 PST" name="createAnAccountUsingAnExistingEmail" finished-at="2020-03-09T00:53:35 PST" duration-ms="3791" status="PASS">
          <reporter-output>
          </reporter-output>
        </test-method> <!-- createAnAccountUsingAnExistingEmail -->
        <test-method is-config="true" signature="tearDown()[pri:0, instance:testsuites.TC2_CreateAnAccountUsingAnExistingEmail@6ae5aa72]" started-at="2020-03-09T00:53:35 PST" name="tearDown" finished-at="2020-03-09T00:53:40 PST" duration-ms="4315" status="PASS">
          <reporter-output>
          </reporter-output>
        </test-method> <!-- tearDown -->
      </class> <!-- testsuites.TC2_CreateAnAccountUsingAnExistingEmail -->
    </test> <!-- Test-Case-2 -->
    <test started-at="2020-03-09T00:53:40 PST" name="Test-Case-3" finished-at="2020-03-09T00:54:08 PST" duration-ms="28338">
      <class name="testsuites.TC3_AddAndRemoveItem">
        <test-method is-config="true" signature="initializeTestBaseSetup(java.lang.String, java.lang.String)[pri:0, instance:testsuites.TC3_AddAndRemoveItem@478190fc]" started-at="2020-03-09T00:53:40 PST" name="initializeTestBaseSetup" finished-at="2020-03-09T00:53:54 PST" duration-ms="14364" status="PASS">
          <params>
            <param index="0">
              <value>
                <![CDATA[firefox]]>
              </value>
            </param>
            <param index="1">
              <value>
                <![CDATA[http://automationpractice.com/index.php]]>
              </value>
            </param>
          </params>
          <reporter-output>
          </reporter-output>
        </test-method> <!-- initializeTestBaseSetup -->
        <test-method is-config="true" signature="setUp(org.testng.ITestContext)[pri:0, instance:testsuites.TC3_AddAndRemoveItem@478190fc]" started-at="2020-03-09T00:53:54 PST" name="setUp" finished-at="2020-03-09T00:53:54 PST" duration-ms="0" status="PASS">
          <params>
            <param index="0">
              <value>
                <![CDATA[org.testng.TestRunner@7b6e5c12]]>
              </value>
            </param>
          </params>
          <reporter-output>
          </reporter-output>
        </test-method> <!-- setUp -->
        <test-method signature="addAndRemoveItem()[pri:0, instance:testsuites.TC3_AddAndRemoveItem@478190fc]" started-at="2020-03-09T00:53:54 PST" name="addAndRemoveItem" finished-at="2020-03-09T00:54:04 PST" duration-ms="10064" status="PASS">
          <reporter-output>
          </reporter-output>
        </test-method> <!-- addAndRemoveItem -->
        <test-method is-config="true" signature="tearDown()[pri:0, instance:testsuites.TC3_AddAndRemoveItem@478190fc]" started-at="2020-03-09T00:54:04 PST" name="tearDown" finished-at="2020-03-09T00:54:08 PST" duration-ms="3904" status="PASS">
          <reporter-output>
          </reporter-output>
        </test-method> <!-- tearDown -->
      </class> <!-- testsuites.TC3_AddAndRemoveItem -->
    </test> <!-- Test-Case-3 -->
  </suite> <!-- Test-Suite-1 -->
</testng-results>
